2025-02-26 18:26:54,997 DEBUG    root            Loaded Command Group: ['gcloud', 'components']
2025-02-26 18:26:54,999 DEBUG    root            Loaded Command Group: ['gcloud', 'components', 'update']
2025-02-26 18:26:55,001 DEBUG    root            Running [gcloud.components.update] with arguments: [--quiet: "True", COMPONENT-IDS:8: "['gcloud', 'core', 'bq', 'gsutil', 'compute', 'preview', 'alpha', 'beta']"]
2025-02-26 18:26:55,002 INFO     ___FILE_ONLY___ Beginning update. This process may take several minutes.

2025-02-26 18:26:55,011 DEBUG    urllib3.connectionpool Starting new HTTPS connection (1): dl.google.com:443
2025-02-26 18:26:55,022 DEBUG    urllib3.connectionpool https://dl.google.com:443 "GET /dl/cloudsdk/channels/rapid/components-2.json HTTP/11" 200 226132
2025-02-26 18:26:55,034 WARNING  root            Component [compute] no longer exists.
2025-02-26 18:26:55,034 INFO     ___FILE_ONLY___ 

2025-02-26 18:26:55,035 INFO     ___FILE_ONLY___ 
Your current Google Cloud CLI version is: 512.0.0

2025-02-26 18:26:55,035 INFO     ___FILE_ONLY___ Installing components from version: 512.0.0

2025-02-26 18:26:55,035 INFO     ___FILE_ONLY___ 

2025-02-26 18:26:55,035 DEBUG    root            Chosen display Format:table[box,title="These components will be removed."](details.display_name:label=Name:align=left,version.version_string:label=Version:align=right,data.size.size(zero="",min=1048576):label=Size:align=right)
2025-02-26 18:26:55,036 DEBUG    root            Chosen display Format:table[box,title="These components will be updated."](details.display_name:label=Name:align=left,version.version_string:label=Version:align=right,data.size.size(zero="",min=1048576):label=Size:align=right)
2025-02-26 18:26:55,036 DEBUG    root            Chosen display Format:table[box,title="These components will be installed."](details.display_name:label=Name:align=left,version.version_string:label=Version:align=right,data.size.size(zero="",min=1048576):label=Size:align=right)
2025-02-26 18:26:55,049 INFO     ___FILE_ONLY___ ┌────────────────────────────────────────────────┐
2025-02-26 18:26:55,049 INFO     ___FILE_ONLY___ 

2025-02-26 18:26:55,049 INFO     ___FILE_ONLY___ │      These components will be installed.       │
2025-02-26 18:26:55,049 INFO     ___FILE_ONLY___ 

2025-02-26 18:26:55,049 INFO     ___FILE_ONLY___ ├─────────────────────────┬────────────┬─────────┤
2025-02-26 18:26:55,049 INFO     ___FILE_ONLY___ 

2025-02-26 18:26:55,049 INFO     ___FILE_ONLY___ │           Name          │  Version   │   Size  │
2025-02-26 18:26:55,049 INFO     ___FILE_ONLY___ 

2025-02-26 18:26:55,049 INFO     ___FILE_ONLY___ ├─────────────────────────┼────────────┼─────────┤
2025-02-26 18:26:55,049 INFO     ___FILE_ONLY___ 

2025-02-26 18:26:55,049 INFO     ___FILE_ONLY___ │ 
2025-02-26 18:26:55,049 INFO     ___FILE_ONLY___ gcloud Alpha Commands  
2025-02-26 18:26:55,049 INFO     ___FILE_ONLY___  
2025-02-26 18:26:55,049 INFO     ___FILE_ONLY___ │ 
2025-02-26 18:26:55,050 INFO     ___FILE_ONLY___ 2025.02.21
2025-02-26 18:26:55,050 INFO     ___FILE_ONLY___  
2025-02-26 18:26:55,050 INFO     ___FILE_ONLY___ │ 
2025-02-26 18:26:55,050 INFO     ___FILE_ONLY___ < 1 MiB
2025-02-26 18:26:55,050 INFO     ___FILE_ONLY___  
2025-02-26 18:26:55,050 INFO     ___FILE_ONLY___ │
2025-02-26 18:26:55,050 INFO     ___FILE_ONLY___ 

2025-02-26 18:26:55,050 INFO     ___FILE_ONLY___ │ 
2025-02-26 18:26:55,050 INFO     ___FILE_ONLY___ gcloud Beta Commands   
2025-02-26 18:26:55,050 INFO     ___FILE_ONLY___  
2025-02-26 18:26:55,050 INFO     ___FILE_ONLY___ │ 
2025-02-26 18:26:55,050 INFO     ___FILE_ONLY___ 2025.02.21
2025-02-26 18:26:55,050 INFO     ___FILE_ONLY___  
2025-02-26 18:26:55,050 INFO     ___FILE_ONLY___ │ 
2025-02-26 18:26:55,050 INFO     ___FILE_ONLY___ < 1 MiB
2025-02-26 18:26:55,050 INFO     ___FILE_ONLY___  
2025-02-26 18:26:55,050 INFO     ___FILE_ONLY___ │
2025-02-26 18:26:55,050 INFO     ___FILE_ONLY___ 

2025-02-26 18:26:55,050 INFO     ___FILE_ONLY___ │ 
2025-02-26 18:26:55,051 INFO     ___FILE_ONLY___ gcloud Preview Commands
2025-02-26 18:26:55,051 INFO     ___FILE_ONLY___  
2025-02-26 18:26:55,051 INFO     ___FILE_ONLY___ │ 
2025-02-26 18:26:55,051 INFO     ___FILE_ONLY___           
2025-02-26 18:26:55,051 INFO     ___FILE_ONLY___  
2025-02-26 18:26:55,051 INFO     ___FILE_ONLY___ │ 
2025-02-26 18:26:55,051 INFO     ___FILE_ONLY___ < 1 MiB
2025-02-26 18:26:55,051 INFO     ___FILE_ONLY___  
2025-02-26 18:26:55,051 INFO     ___FILE_ONLY___ │
2025-02-26 18:26:55,051 INFO     ___FILE_ONLY___ 

2025-02-26 18:26:55,051 INFO     ___FILE_ONLY___ └─────────────────────────┴────────────┴─────────┘
2025-02-26 18:26:55,051 INFO     ___FILE_ONLY___ 

2025-02-26 18:26:55,051 INFO     ___FILE_ONLY___ 

2025-02-26 18:26:55,054 DEBUG    urllib3.connectionpool Starting new HTTPS connection (1): dl.google.com:443
2025-02-26 18:26:55,068 DEBUG    urllib3.connectionpool https://dl.google.com:443 "GET /dl/cloudsdk/channels/rapid/RELEASE_NOTES HTTP/11" 200 1370893
2025-02-26 18:26:55,498 INFO     ___FILE_ONLY___ For the latest full release notes, please visit:
  https://cloud.google.com/sdk/release_notes


2025-02-26 18:26:55,499 INFO     ___FILE_ONLY___ Performing in place update...


2025-02-26 18:26:55,501 INFO     ___FILE_ONLY___ ╔════════════════════════════════════════════════════════════╗

2025-02-26 18:26:55,501 INFO     ___FILE_ONLY___ ╠═ Downloading: gcloud Alpha Commands                       ═╣

2025-02-26 18:26:55,501 INFO     ___FILE_ONLY___ ╚
2025-02-26 18:26:55,504 DEBUG    urllib3.connectionpool Starting new HTTPS connection (1): dl.google.com:443
2025-02-26 18:26:55,517 DEBUG    urllib3.connectionpool https://dl.google.com:443 "GET /dl/cloudsdk/channels/rapid/components/google-cloud-sdk-alpha-20250221145621.tar.gz HTTP/11" 200 800
2025-02-26 18:26:55,517 INFO     ___FILE_ONLY___ ════════════════════════════════════════════════════════════
2025-02-26 18:26:55,517 INFO     ___FILE_ONLY___ ╝

2025-02-26 18:26:55,519 INFO     ___FILE_ONLY___ ╔════════════════════════════════════════════════════════════╗

2025-02-26 18:26:55,519 INFO     ___FILE_ONLY___ ╠═ Downloading: gcloud Beta Commands                        ═╣

2025-02-26 18:26:55,519 INFO     ___FILE_ONLY___ ╚
2025-02-26 18:26:55,522 DEBUG    urllib3.connectionpool Starting new HTTPS connection (1): dl.google.com:443
2025-02-26 18:26:55,535 DEBUG    urllib3.connectionpool https://dl.google.com:443 "GET /dl/cloudsdk/channels/rapid/components/google-cloud-sdk-beta-20250221145621.tar.gz HTTP/11" 200 797
2025-02-26 18:26:55,536 INFO     ___FILE_ONLY___ ════════════════════════════════════════════════════════════
2025-02-26 18:26:55,536 INFO     ___FILE_ONLY___ ╝

2025-02-26 18:26:55,538 INFO     ___FILE_ONLY___ ╔════════════════════════════════════════════════════════════╗

2025-02-26 18:26:55,538 INFO     ___FILE_ONLY___ ╠═ Downloading: gcloud Preview Commands                     ═╣

2025-02-26 18:26:55,538 INFO     ___FILE_ONLY___ ╚
2025-02-26 18:26:55,541 DEBUG    urllib3.connectionpool Starting new HTTPS connection (1): dl.google.com:443
2025-02-26 18:26:55,584 DEBUG    urllib3.connectionpool https://dl.google.com:443 "GET /dl/cloudsdk/channels/rapid/components/google-cloud-sdk-preview-20241115154308.tar.gz HTTP/11" 200 823
2025-02-26 18:26:55,585 INFO     ___FILE_ONLY___ ════════════════════════════════════════════════════════════
2025-02-26 18:26:55,585 INFO     ___FILE_ONLY___ ╝

2025-02-26 18:26:55,587 INFO     ___FILE_ONLY___ ╔════════════════════════════════════════════════════════════╗

2025-02-26 18:26:55,587 INFO     ___FILE_ONLY___ ╠═ Installing: gcloud Alpha Commands                        ═╣

2025-02-26 18:26:55,587 INFO     ___FILE_ONLY___ ╚
2025-02-26 18:26:55,588 INFO     ___FILE_ONLY___ ════════════════════════════════════════════════════════════
2025-02-26 18:26:55,588 INFO     ___FILE_ONLY___ ╝

2025-02-26 18:26:55,593 INFO     ___FILE_ONLY___ ╔════════════════════════════════════════════════════════════╗

2025-02-26 18:26:55,593 INFO     ___FILE_ONLY___ ╠═ Installing: gcloud Beta Commands                         ═╣

2025-02-26 18:26:55,594 INFO     ___FILE_ONLY___ ╚
2025-02-26 18:26:55,594 INFO     ___FILE_ONLY___ ════════════════════════════════════════════════════════════
2025-02-26 18:26:55,594 INFO     ___FILE_ONLY___ ╝

2025-02-26 18:26:55,599 INFO     ___FILE_ONLY___ ╔════════════════════════════════════════════════════════════╗

2025-02-26 18:26:55,599 INFO     ___FILE_ONLY___ ╠═ Installing: gcloud Preview Commands                      ═╣

2025-02-26 18:26:55,599 INFO     ___FILE_ONLY___ ╚
2025-02-26 18:26:55,600 INFO     ___FILE_ONLY___ ════════════════════════════════════════════════════════════
2025-02-26 18:26:55,600 INFO     ___FILE_ONLY___ ╝

2025-02-26 18:26:55,604 DEBUG    root            Updating notification cache...
2025-02-26 18:26:55,605 INFO     ___FILE_ONLY___ 

2025-02-26 18:26:55,607 INFO     ___FILE_ONLY___ Performing post processing steps...
2025-02-26 18:26:55,607 DEBUG    root            Executing command: ['/tools/google-cloud-sdk/bin/gcloud', 'components', 'post-process']
2025-02-26 18:27:03,780 DEBUG    ___FILE_ONLY___ 
2025-02-26 18:27:03,780 DEBUG    ___FILE_ONLY___ 
2025-02-26 18:27:03,880 INFO     root            descriptor_list: [{'universeDomain': 'googleapis.com', 'universeShortName': '', 'authenticationDomain': 'auth.cloud.google.com', 'projectPrefix': '', 'cloudWebDomain': 'cloud.google.com', 'documentationDomain': 'cloud.google.com', 'version': '1.0.0', 'state': 'primary'}]
2025-02-26 18:27:03,881 INFO     ___FILE_ONLY___ 
Update done!


2025-02-26 18:27:03,883 DEBUG    root            Chosen display Format:none
2025-02-26 18:27:03,883 INFO     root            Display format: "none"
